<?xml version="1.0" encoding="UTF-8"?>
<testsuite name="com.maxkorte.GGT.AppTest" tests="1" skipped="0" failures="0" errors="0" timestamp="2021-03-07T16:21:25" hostname="MacBook-Air-von-Max.local" time="0.002">
  <properties/>
  <testcase name="testGetGGT" classname="com.maxkorte.GGT.AppTest" time="0.002"/>
  <system-out><![CDATA[]]></system-out>
  <system-err><![CDATA[]]></system-err>
</testsuite>
