<?xml version="1.0" encoding="UTF-8"?>
<testsuite name="com.maxkorte.GGTTest" tests="1" skipped="0" failures="0" errors="0" timestamp="2021-03-08T15:19:42" hostname="MacBook-Air-von-Max.local" time="0.015">
  <properties/>
  <testcase name="testGetGGT" classname="com.maxkorte.GGTTest" time="0.015"/>
  <system-out><![CDATA[]]></system-out>
  <system-err><![CDATA[]]></system-err>
</testsuite>
